# JRE version: OpenJDK Runtime Environment (7.0_75-b13) (build 1.7.0_75-b13)
# Java VM: OpenJDK Server VM (24.75-b04 mixed mode linux-x86 )
Heap
 PSYoungGen      total 227840K, used 0K [0x9e540000, 0xb32c0000, 0xb32c0000)
  eden space 114176K, 0% used [0x9e540000,0x9e540000,0xa54c0000)
  from space 113664K, 0% used [0xa54c0000,0xa54c0000,0xac3c0000)
  to   space 113664K, 0% used [0xac3c0000,0xac3c0000,0xb32c0000)
 ParOldGen       total 502016K, used 245531K [0x74ac0000, 0x93500000, 0x9e540000)
  object space 502016K, 48% used [0x74ac0000,0x83a86e78,0x93500000)
 PSPermGen       total 16384K, used 7739K [0x6cac0000, 0x6dac0000, 0x74ac0000)
  object space 16384K, 47% used [0x6cac0000,0x6d24edf8,0x6dac0000)
GC Heap History (10 events):
Event: 38.964 GC heap after
Heap after GC invocations=7 (full 0):
 PSYoungGen      total 274688K, used 66800K [0x9e540000, 0xb32c0000, 0xb32c0000)
  eden space 207872K, 0% used [0x9e540000,0x9e540000,0xab040000)
  from space 66816K, 99% used [0xab040000,0xaf17c058,0xaf180000)
  to   space 66816K, 0% used [0xaf180000,0xaf180000,0xb32c0000)
 ParOldGen       total 341504K, used 117379K [0x74ac0000, 0x89840000, 0x9e540000)
  object space 341504K, 34% used [0x74ac0000,0x7bd60d50,0x89840000)
 PSPermGen       total 16384K, used 7742K [0x6cac0000, 0x6dac0000, 0x74ac0000)
  object space 16384K, 47% used [0x6cac0000,0x6d24fbe0,0x6dac0000)
}
Event: 39.897 GC heap before
{Heap before GC invocations=8 (full 0):
 PSYoungGen      total 274688K, used 271271K [0x9e540000, 0xb32c0000, 0xb32c0000)
  eden space 207872K, 98% used [0x9e540000,0xaacedc10,0xab040000)
  from space 66816K, 99% used [0xab040000,0xaf17c058,0xaf180000)
  to   space 66816K, 0% used [0xaf180000,0xaf180000,0xb32c0000)
 ParOldGen       total 341504K, used 117379K [0x74ac0000, 0x89840000, 0x9e540000)
  object space 341504K, 34% used [0x74ac0000,0x7bd60d50,0x89840000)
 PSPermGen       total 16384K, used 7742K [0x6cac0000, 0x6dac0000, 0x74ac0000)
  object space 16384K, 47% used [0x6cac0000,0x6d24fbe0,0x6dac0000)
Event: 40.224 GC heap after
Heap after GC invocations=8 (full 0):
 PSYoungGen      total 180992K, used 66802K [0x9e540000, 0xb32c0000, 0xb32c0000)
  eden space 114176K, 0% used [0x9e540000,0x9e540000,0xa54c0000)
  from space 66816K, 99% used [0xaf180000,0xb32bc8b8,0xb32c0000)
  to   space 113664K, 0% used [0xa54c0000,0xa54c0000,0xac3c0000)
 ParOldGen       total 341504K, used 196747K [0x74ac0000, 0x89840000, 0x9e540000)
  object space 341504K, 57% used [0x74ac0000,0x80ae2d50,0x89840000)
 PSPermGen       total 16384K, used 7742K [0x6cac0000, 0x6dac0000, 0x74ac0000)
  object space 16384K, 47% used [0x6cac0000,0x6d24fbe0,0x6dac0000)
}
Event: 40.611 GC heap before
{Heap before GC invocations=9 (full 0):
 PSYoungGen      total 180992K, used 163398K [0x9e540000, 0xb32c0000, 0xb32c0000)
  eden space 114176K, 84% used [0x9e540000,0xa4394fd0,0xa54c0000)
  from space 66816K, 99% used [0xaf180000,0xb32bc8b8,0xb32c0000)
  to   space 113664K, 0% used [0xa54c0000,0xa54c0000,0xac3c0000)
 ParOldGen       total 341504K, used 196747K [0x74ac0000, 0x89840000, 0x9e540000)
  object space 341504K, 57% used [0x74ac0000,0x80ae2d50,0x89840000)
 PSPermGen       total 16384K, used 7742K [0x6cac0000, 0x6dac0000, 0x74ac0000)
  object space 16384K, 47% used [0x6cac0000,0x6d24fbe0,0x6dac0000)
Event: 40.708 GC heap after
Heap after GC invocations=9 (full 0):
 PSYoungGen      total 227840K, used 43888K [0x9e540000, 0xb32c0000, 0xb32c0000)
  eden space 114176K, 0% used [0x9e540000,0x9e540000,0xa54c0000)
  from space 113664K, 38% used [0xa54c0000,0xa7f9c000,0xac3c0000)
  to   space 113664K, 0% used [0xac3c0000,0xac3c0000,0xb32c0000)
 ParOldGen       total 341504K, used 196759K [0x74ac0000, 0x89840000, 0x9e540000)
  object space 341504K, 57% used [0x74ac0000,0x80ae5d50,0x89840000)
 PSPermGen       total 16384K, used 7742K [0x6cac0000, 0x6dac0000, 0x74ac0000)
  object space 16384K, 47% used [0x6cac0000,0x6d24fbe0,0x6dac0000)
}
Event: 40.744 GC heap before
{Heap before GC invocations=10 (full 0):
 PSYoungGen      total 227840K, used 158064K [0x9e540000, 0xb32c0000, 0xb32c0000)
  eden space 114176K, 100% used [0x9e540000,0xa54c0000,0xa54c0000)
  from space 113664K, 38% used [0xa54c0000,0xa7f9c000,0xac3c0000)
  to   space 113664K, 0% used [0xac3c0000,0xac3c0000,0xb32c0000)
 ParOldGen       total 341504K, used 196759K [0x74ac0000, 0x89840000, 0x9e540000)
  object space 341504K, 57% used [0x74ac0000,0x80ae5d50,0x89840000)
 PSPermGen       total 16384K, used 7742K [0x6cac0000, 0x6dac0000, 0x74ac0000)
  object space 16384K, 47% used [0x6cac0000,0x6d24fbe0,0x6dac0000)
Event: 40.918 GC heap after
Heap after GC invocations=10 (full 0):
 PSYoungGen      total 227840K, used 113654K [0x9e540000, 0xb32c0000, 0xb32c0000)
  eden space 114176K, 0% used [0x9e540000,0x9e540000,0xa54c0000)
  from space 113664K, 99% used [0xac3c0000,0xb32bd8b0,0xb32c0000)
  to   space 113664K, 0% used [0xa54c0000,0xa54c0000,0xac3c0000)
 ParOldGen       total 341504K, used 239419K [0x74ac0000, 0x89840000, 0x9e540000)
  object space 341504K, 70% used [0x74ac0000,0x8348ed50,0x89840000)
 PSPermGen       total 16384K, used 7742K [0x6cac0000, 0x6dac0000, 0x74ac0000)
  object space 16384K, 47% used [0x6cac0000,0x6d24fbe0,0x6dac0000)
}
Event: 41.283 GC heap before
{Heap before GC invocations=11 (full 0):
 PSYoungGen      total 227840K, used 227830K [0x9e540000, 0xb32c0000, 0xb32c0000)
  eden space 114176K, 100% used [0x9e540000,0xa54c0000,0xa54c0000)
  from space 113664K, 99% used [0xac3c0000,0xb32bd8b0,0xb32c0000)
  to   space 113664K, 0% used [0xa54c0000,0xa54c0000,0xac3c0000)
 ParOldGen       total 341504K, used 239419K [0x74ac0000, 0x89840000, 0x9e540000)
  object space 341504K, 70% used [0x74ac0000,0x8348ed50,0x89840000)
 PSPermGen       total 16384K, used 7743K [0x6cac0000, 0x6dac0000, 0x74ac0000)
  object space 16384K, 47% used [0x6cac0000,0x6d24fea0,0x6dac0000)
Event: 41.601 GC heap after
Heap after GC invocations=11 (full 0):
 PSYoungGen      total 227840K, used 14257K [0x9e540000, 0xb32c0000, 0xb32c0000)
  eden space 114176K, 0% used [0x9e540000,0x9e540000,0xa54c0000)
  from space 113664K, 12% used [0xa54c0000,0xa62ac570,0xac3c0000)
  to   space 113664K, 0% used [0xac3c0000,0xac3c0000,0xb32c0000)
 ParOldGen       total 502016K, used 453679K [0x74ac0000, 0x93500000, 0x9e540000)
  object space 502016K, 90% used [0x74ac0000,0x905cbeb0,0x93500000)
 PSPermGen       total 16384K, used 7743K [0x6cac0000, 0x6dac0000, 0x74ac0000)
  object space 16384K, 47% used [0x6cac0000,0x6d24fea0,0x6dac0000)
}
Event: 41.601 GC heap before
{Heap before GC invocations=12 (full 1):
 PSYoungGen      total 227840K, used 14257K [0x9e540000, 0xb32c0000, 0xb32c0000)
  eden space 114176K, 0% used [0x9e540000,0x9e540000,0xa54c0000)
  from space 113664K, 12% used [0xa54c0000,0xa62ac570,0xac3c0000)
  to   space 113664K, 0% used [0xac3c0000,0xac3c0000,0xb32c0000)
 ParOldGen       total 502016K, used 453679K [0x74ac0000, 0x93500000, 0x9e540000)
  object space 502016K, 90% used [0x74ac0000,0x905cbeb0,0x93500000)
 PSPermGen       total 16384K, used 7743K [0x6cac0000, 0x6dac0000, 0x74ac0000)
  object space 16384K, 47% used [0x6cac0000,0x6d24fea0,0x6dac0000)

