# JRE version: OpenJDK Runtime Environment (7.0_75-b13) (build 1.7.0_75-b13)
# Java VM: OpenJDK Server VM (24.75-b04 mixed mode linux-x86 )
Heap
 PSYoungGen      total 227840K, used 0K [0x9e480000, 0xb3200000, 0xb3200000)
  eden space 114176K, 0% used [0x9e480000,0x9e480000,0xa5400000)
  from space 113664K, 0% used [0xac300000,0xac300000,0xb3200000)
  to   space 113664K, 0% used [0xa5400000,0xa5400000,0xac300000)
 ParOldGen       total 470784K, used 231313K [0x74a00000, 0x915c0000, 0x9e480000)
  object space 470784K, 49% used [0x74a00000,0x82be4550,0x915c0000)
 PSPermGen       total 16384K, used 7744K [0x6ca00000, 0x6da00000, 0x74a00000)
  object space 16384K, 47% used [0x6ca00000,0x6d1900a0,0x6da00000)
GC Heap History (10 events):
Event: 33.509 GC heap after
Heap after GC invocations=9 (full 1):
 PSYoungGen      total 178176K, used 0K [0x9e480000, 0xb3200000, 0xb3200000)
  eden space 114176K, 0% used [0x9e480000,0x9e480000,0xa5400000)
  from space 64000K, 0% used [0xaf380000,0xaf380000,0xb3200000)
  to   space 113664K, 0% used [0xa5400000,0xa5400000,0xac300000)
 ParOldGen       total 470784K, used 217021K [0x74a00000, 0x915c0000, 0x9e480000)
  object space 470784K, 46% used [0x74a00000,0x81def4f8,0x915c0000)
 PSPermGen       total 16384K, used 7738K [0x6ca00000, 0x6da00000, 0x74a00000)
  object space 16384K, 47% used [0x6ca00000,0x6d18ead0,0x6da00000)
}
Event: 33.788 GC heap before
{Heap before GC invocations=10 (full 1):
 PSYoungGen      total 178176K, used 114176K [0x9e480000, 0xb3200000, 0xb3200000)
  eden space 114176K, 100% used [0x9e480000,0xa5400000,0xa5400000)
  from space 64000K, 0% used [0xaf380000,0xaf380000,0xb3200000)
  to   space 113664K, 0% used [0xa5400000,0xa5400000,0xac300000)
 ParOldGen       total 470784K, used 217021K [0x74a00000, 0x915c0000, 0x9e480000)
  object space 470784K, 46% used [0x74a00000,0x81def4f8,0x915c0000)
 PSPermGen       total 16384K, used 7738K [0x6ca00000, 0x6da00000, 0x74a00000)
  object space 16384K, 47% used [0x6ca00000,0x6d18eb50,0x6da00000)
Event: 33.862 GC heap after
Heap after GC invocations=10 (full 1):
 PSYoungGen      total 227840K, used 46076K [0x9e480000, 0xb3200000, 0xb3200000)
  eden space 114176K, 0% used [0x9e480000,0x9e480000,0xa5400000)
  from space 113664K, 40% used [0xa5400000,0xa80ff170,0xac300000)
  to   space 113664K, 0% used [0xac300000,0xac300000,0xb3200000)
 ParOldGen       total 470784K, used 217021K [0x74a00000, 0x915c0000, 0x9e480000)
  object space 470784K, 46% used [0x74a00000,0x81def4f8,0x915c0000)
 PSPermGen       total 16384K, used 7738K [0x6ca00000, 0x6da00000, 0x74a00000)
  object space 16384K, 47% used [0x6ca00000,0x6d18eb50,0x6da00000)
}
Event: 34.036 GC heap before
{Heap before GC invocations=11 (full 1):
 PSYoungGen      total 227840K, used 142812K [0x9e480000, 0xb3200000, 0xb3200000)
  eden space 114176K, 84% used [0x9e480000,0xa42f8078,0xa5400000)
  from space 113664K, 40% used [0xa5400000,0xa80ff170,0xac300000)
  to   space 113664K, 0% used [0xac300000,0xac300000,0xb3200000)
 ParOldGen       total 470784K, used 217021K [0x74a00000, 0x915c0000, 0x9e480000)
  object space 470784K, 46% used [0x74a00000,0x81def4f8,0x915c0000)
 PSPermGen       total 16384K, used 7739K [0x6ca00000, 0x6da00000, 0x74a00000)
  object space 16384K, 47% used [0x6ca00000,0x6d18ed48,0x6da00000)
Event: 34.141 GC heap after
Heap after GC invocations=11 (full 1):
 PSYoungGen      total 227840K, used 91935K [0x9e480000, 0xb3200000, 0xb3200000)
  eden space 114176K, 0% used [0x9e480000,0x9e480000,0xa5400000)
  from space 113664K, 80% used [0xac300000,0xb1cc7cf8,0xb3200000)
  to   space 113664K, 0% used [0xa5400000,0xa5400000,0xac300000)
 ParOldGen       total 470784K, used 217021K [0x74a00000, 0x915c0000, 0x9e480000)
  object space 470784K, 46% used [0x74a00000,0x81def4f8,0x915c0000)
 PSPermGen       total 16384K, used 7739K [0x6ca00000, 0x6da00000, 0x74a00000)
  object space 16384K, 47% used [0x6ca00000,0x6d18ed48,0x6da00000)
}
Event: 34.359 GC heap before
{Heap before GC invocations=12 (full 1):
 PSYoungGen      total 227840K, used 155259K [0x9e480000, 0xb3200000, 0xb3200000)
  eden space 114176K, 55% used [0x9e480000,0xa22570e0,0xa5400000)
  from space 113664K, 80% used [0xac300000,0xb1cc7cf8,0xb3200000)
  to   space 113664K, 0% used [0xa5400000,0xa5400000,0xac300000)
 ParOldGen       total 470784K, used 217021K [0x74a00000, 0x915c0000, 0x9e480000)
  object space 470784K, 46% used [0x74a00000,0x81def4f8,0x915c0000)
 PSPermGen       total 16384K, used 7739K [0x6ca00000, 0x6da00000, 0x74a00000)
  object space 16384K, 47% used [0x6ca00000,0x6d18ede0,0x6da00000)
Event: 34.496 GC heap after
Heap after GC invocations=12 (full 1):
 PSYoungGen      total 227840K, used 38361K [0x9e480000, 0xb3200000, 0xb3200000)
  eden space 114176K, 0% used [0x9e480000,0x9e480000,0xa5400000)
  from space 113664K, 33% used [0xa5400000,0xa79767f0,0xac300000)
  to   space 113664K, 0% used [0xac300000,0xac300000,0xb3200000)
 ParOldGen       total 470784K, used 259520K [0x74a00000, 0x915c0000, 0x9e480000)
  object space 470784K, 55% used [0x74a00000,0x847700f8,0x915c0000)
 PSPermGen       total 16384K, used 7739K [0x6ca00000, 0x6da00000, 0x74a00000)
  object space 16384K, 47% used [0x6ca00000,0x6d18ede0,0x6da00000)
}
Event: 34.640 GC heap before
{Heap before GC invocations=13 (full 1):
 PSYoungGen      total 227840K, used 151377K [0x9e480000, 0xb3200000, 0xb3200000)
  eden space 114176K, 98% used [0x9e480000,0xa52ddf30,0xa5400000)
  from space 113664K, 33% used [0xa5400000,0xa79767f0,0xac300000)
  to   space 113664K, 0% used [0xac300000,0xac300000,0xb3200000)
 ParOldGen       total 470784K, used 259520K [0x74a00000, 0x915c0000, 0x9e480000)
  object space 470784K, 55% used [0x74a00000,0x847700f8,0x915c0000)
 PSPermGen       total 16384K, used 7744K [0x6ca00000, 0x6da00000, 0x74a00000)
  object space 16384K, 47% used [0x6ca00000,0x6d1900a0,0x6da00000)
Event: 34.877 GC heap after
Heap after GC invocations=13 (full 1):
 PSYoungGen      total 227840K, used 106560K [0x9e480000, 0xb3200000, 0xb3200000)
  eden space 114176K, 0% used [0x9e480000,0x9e480000,0xa5400000)
  from space 113664K, 93% used [0xac300000,0xb2b100b0,0xb3200000)
  to   space 113664K, 0% used [0xa5400000,0xa5400000,0xac300000)
 ParOldGen       total 470784K, used 390604K [0x74a00000, 0x915c0000, 0x9e480000)
  object space 470784K, 82% used [0x74a00000,0x8c7731a8,0x915c0000)
 PSPermGen       total 16384K, used 7744K [0x6ca00000, 0x6da00000, 0x74a00000)
  object space 16384K, 47% used [0x6ca00000,0x6d1900a0,0x6da00000)
}
Event: 34.877 GC heap before
{Heap before GC invocations=14 (full 2):
 PSYoungGen      total 227840K, used 106560K [0x9e480000, 0xb3200000, 0xb3200000)
  eden space 114176K, 0% used [0x9e480000,0x9e480000,0xa5400000)
  from space 113664K, 93% used [0xac300000,0xb2b100b0,0xb3200000)
  to   space 113664K, 0% used [0xa5400000,0xa5400000,0xac300000)
 ParOldGen       total 470784K, used 390604K [0x74a00000, 0x915c0000, 0x9e480000)
  object space 470784K, 82% used [0x74a00000,0x8c7731a8,0x915c0000)
 PSPermGen       total 16384K, used 7744K [0x6ca00000, 0x6da00000, 0x74a00000)
  object space 16384K, 47% used [0x6ca00000,0x6d1900a0,0x6da00000)

